
error [Tue Apr 24 2018 00:30:48 GMT+0100 (GMT Summer Time)]  TypeError: callback is not a function
    at I:\Programming\Desktop Applications\TODO List Application\todo-list-app\src\main\fileWriter.js:53:9
    at FSReqWrap.oncomplete (fs.js:135:15)

error [Tue Apr 24 2018 18:41:39 GMT+0100 (GMT Summer Time)]  TypeError: callback is not a function
    at I:\Programming\Desktop Applications\TODO List Application\todo-list-app\src\main\fileWriter.js:55:9
    at FSReqWrap.oncomplete (fs.js:135:15)

error [Tue Apr 24 2018 19:14:37 GMT+0100 (GMT Summer Time)]  TypeError: Cannot read property 'send' of undefined
    at Function.electron.globalShortcut.register (I:\Programming\Desktop Applications\TODO List Application\todo-list-app\src\main\electron.js:25:29)

error [Thu Apr 26 2018 00:00:55 GMT+0100 (GMT Summer Time)]  TypeError: Error processing argument at index 0, conversion failure from ../render/images/favicon.ico
    at createTray (I:\Programming\Desktop Applications\TODO List Application\todo-list-app\src\main\electron.js:30:12)
    at App.createWindow (I:\Programming\Desktop Applications\TODO List Application\todo-list-app\src\main\electron.js:24:5)
    at emitTwo (events.js:130:20)
    at App.emit (events.js:213:7)

error [Thu Apr 26 2018 00:03:28 GMT+0100 (GMT Summer Time)]  TypeError: Error processing argument at index 0, conversion failure from ../render/images/placeholder.png
    at createTray (I:\Programming\Desktop Applications\TODO List Application\todo-list-app\src\main\electron.js:30:12)
    at App.createWindow (I:\Programming\Desktop Applications\TODO List Application\todo-list-app\src\main\electron.js:24:5)
    at emitTwo (events.js:130:20)
    at App.emit (events.js:213:7)

error [Thu Apr 26 2018 00:05:29 GMT+0100 (GMT Summer Time)]  TypeError: Error processing argument at index 0, conversion failure from ./placeholder.png
    at createTray (I:\Programming\Desktop Applications\TODO List Application\todo-list-app\src\main\electron.js:30:12)
    at App.createWindow (I:\Programming\Desktop Applications\TODO List Application\todo-list-app\src\main\electron.js:24:5)
    at emitTwo (events.js:130:20)
    at App.emit (events.js:213:7)

error [Thu Apr 26 2018 00:06:02 GMT+0100 (GMT Summer Time)]  TypeError: Error processing argument at index 0, conversion failure from ./placeholder.png
    at createTray (I:\Programming\Desktop Applications\TODO List Application\todo-list-app\src\main\electron.js:30:12)
    at App.createWindow (I:\Programming\Desktop Applications\TODO List Application\todo-list-app\src\main\electron.js:11:5)
    at emitTwo (events.js:130:20)
    at App.emit (events.js:213:7)

error [Thu Apr 26 2018 00:06:35 GMT+0100 (GMT Summer Time)]  TypeError: Error processing argument at index 0, conversion failure from ./placeholder.png
    at createTray (I:\Programming\Desktop Applications\TODO List Application\todo-list-app\src\main\electron.js:30:12)
    at App.createWindow (I:\Programming\Desktop Applications\TODO List Application\todo-list-app\src\main\electron.js:24:5)
    at emitTwo (events.js:130:20)
    at App.emit (events.js:213:7)

error [Thu Apr 26 2018 00:08:00 GMT+0100 (GMT Summer Time)]  TypeError: Error processing argument at index 0, conversion failure from placeholder.png
    at createTray (I:\Programming\Desktop Applications\TODO List Application\todo-list-app\src\main\electron.js:30:12)
    at App.createWindow (I:\Programming\Desktop Applications\TODO List Application\todo-list-app\src\main\electron.js:24:5)
    at emitTwo (events.js:130:20)
    at App.emit (events.js:213:7)

error [Thu Apr 26 2018 00:14:37 GMT+0100 (GMT Summer Time)]  SyntaxError: Unexpected string in JSON at position 123
    at JSON.parse (<anonymous>)
    at I:\Programming\Desktop Applications\TODO List Application\todo-list-app\src\main\fileWriter.js:46:32
    at tryToString (fs.js:513:3)
    at FSReqWrap.readFileAfterClose [as oncomplete] (fs.js:501:12)

error [Thu Apr 26 2018 00:14:40 GMT+0100 (GMT Summer Time)]  SyntaxError: I:\Programming\Desktop Applications\TODO List Application\todo-list-app\config.json: Unexpected string in JSON at position 123
    at JSON.parse (<anonymous>)
    at Object.Module._extensions..json (module.js:588:27)
    at Module.load (module.js:503:32)
    at tryModuleLoad (module.js:466:12)
    at Function.Module._load (module.js:458:3)
    at Module.require (module.js:513:17)
    at require (internal/module.js:11:18)
    at Object.exports.setLastOpenedFile (I:\Programming\Desktop Applications\TODO List Application\todo-list-app\src\main\fileWriter.js:12:18)
    at require.dialog.showOpenDialog (I:\Programming\Desktop Applications\TODO List Application\todo-list-app\src\main\fileWriter.js:162:21)
    at Function.wrappedCallback (I:\Programming\Desktop Applications\TODO List Application\todo-list-app\node_modules\electron\dist\resources\electron.asar\browser\api\dialog.js:130:14)

error [Thu Apr 26 2018 00:15:03 GMT+0100 (GMT Summer Time)]  SyntaxError: Unexpected string in JSON at position 123
    at JSON.parse (<anonymous>)
    at I:\Programming\Desktop Applications\TODO List Application\todo-list-app\src\main\fileWriter.js:46:32
    at tryToString (fs.js:513:3)
    at FSReqWrap.readFileAfterClose [as oncomplete] (fs.js:501:12)

error [Thu Apr 26 2018 00:15:07 GMT+0100 (GMT Summer Time)]  SyntaxError: I:\Programming\Desktop Applications\TODO List Application\todo-list-app\config.json: Unexpected string in JSON at position 123
    at JSON.parse (<anonymous>)
    at Object.Module._extensions..json (module.js:588:27)
    at Module.load (module.js:503:32)
    at tryModuleLoad (module.js:466:12)
    at Function.Module._load (module.js:458:3)
    at Module.require (module.js:513:17)
    at require (internal/module.js:11:18)
    at Object.exports.setLastOpenedFile (I:\Programming\Desktop Applications\TODO List Application\todo-list-app\src\main\fileWriter.js:12:18)
    at require.dialog.showOpenDialog (I:\Programming\Desktop Applications\TODO List Application\todo-list-app\src\main\fileWriter.js:162:21)
    at Function.wrappedCallback (I:\Programming\Desktop Applications\TODO List Application\todo-list-app\node_modules\electron\dist\resources\electron.asar\browser\api\dialog.js:130:14)

error [Thu Apr 26 2018 00:15:12 GMT+0100 (GMT Summer Time)]  SyntaxError: I:\Programming\Desktop Applications\TODO List Application\todo-list-app\config.json: Unexpected string in JSON at position 123
    at JSON.parse (<anonymous>)
    at Object.Module._extensions..json (module.js:588:27)
    at Module.load (module.js:503:32)
    at tryModuleLoad (module.js:466:12)
    at Function.Module._load (module.js:458:3)
    at Module.require (module.js:513:17)
    at require (internal/module.js:11:18)
    at Object.exports.setLastOpenedFile (I:\Programming\Desktop Applications\TODO List Application\todo-list-app\src\main\fileWriter.js:12:18)
    at require.dialog.showOpenDialog (I:\Programming\Desktop Applications\TODO List Application\todo-list-app\src\main\fileWriter.js:162:21)
    at Function.wrappedCallback (I:\Programming\Desktop Applications\TODO List Application\todo-list-app\node_modules\electron\dist\resources\electron.asar\browser\api\dialog.js:130:14)

error [Thu Apr 26 2018 11:12:27 GMT+0100 (GMT Summer Time)]  ReferenceError: contextMenu is not defined
    at BrowserWindow.mainWindow.on (G:\Programming\Desktop Applications\TODO List Application\todo-list-app\src\main\electron.js:98:9)
    at emitOne (events.js:120:20)
    at BrowserWindow.emit (events.js:210:7)
    at click (G:\Programming\Desktop Applications\TODO List Application\todo-list-app\src\main\electron.js:84:32)
    at MenuItem.click (G:\Programming\Desktop Applications\TODO List Application\todo-list-app\node_modules\electron\dist\resources\electron.asar\browser\api\menu-item.js:52:9)
    at Function.executeCommand (G:\Programming\Desktop Applications\TODO List Application\todo-list-app\node_modules\electron\dist\resources\electron.asar\browser\api\menu.js:34:15)

error [Thu Apr 26 2018 11:12:38 GMT+0100 (GMT Summer Time)]  ReferenceError: contextMenu is not defined
    at BrowserWindow.mainWindow.on (G:\Programming\Desktop Applications\TODO List Application\todo-list-app\src\main\electron.js:98:9)
    at emitOne (events.js:120:20)
    at BrowserWindow.emit (events.js:210:7)
    at click (G:\Programming\Desktop Applications\TODO List Application\todo-list-app\src\main\electron.js:84:32)
    at MenuItem.click (G:\Programming\Desktop Applications\TODO List Application\todo-list-app\node_modules\electron\dist\resources\electron.asar\browser\api\menu-item.js:52:9)
    at Function.executeCommand (G:\Programming\Desktop Applications\TODO List Application\todo-list-app\node_modules\electron\dist\resources\electron.asar\browser\api\menu.js:34:15)

error [Thu Apr 26 2018 11:13:02 GMT+0100 (GMT Summer Time)]  ReferenceError: contextMenu is not defined
    at BrowserWindow.mainWindow.on (G:\Programming\Desktop Applications\TODO List Application\todo-list-app\src\main\electron.js:99:9)
    at emitOne (events.js:120:20)
    at BrowserWindow.emit (events.js:210:7)
    at click (G:\Programming\Desktop Applications\TODO List Application\todo-list-app\src\main\electron.js:84:32)
    at MenuItem.click (G:\Programming\Desktop Applications\TODO List Application\todo-list-app\node_modules\electron\dist\resources\electron.asar\browser\api\menu-item.js:52:9)
    at Function.executeCommand (G:\Programming\Desktop Applications\TODO List Application\todo-list-app\node_modules\electron\dist\resources\electron.asar\browser\api\menu.js:34:15)

error [Thu Apr 26 2018 11:13:29 GMT+0100 (GMT Summer Time)]  ReferenceError: contextMenu is not defined
    at BrowserWindow.mainWindow.on (G:\Programming\Desktop Applications\TODO List Application\todo-list-app\src\main\electron.js:99:9)
    at emitOne (events.js:120:20)
    at BrowserWindow.emit (events.js:210:7)
    at click (G:\Programming\Desktop Applications\TODO List Application\todo-list-app\src\main\electron.js:84:32)
    at MenuItem.click (G:\Programming\Desktop Applications\TODO List Application\todo-list-app\node_modules\electron\dist\resources\electron.asar\browser\api\menu-item.js:52:9)
    at Function.executeCommand (G:\Programming\Desktop Applications\TODO List Application\todo-list-app\node_modules\electron\dist\resources\electron.asar\browser\api\menu.js:34:15)

error [Thu Apr 26 2018 11:14:10 GMT+0100 (GMT Summer Time)]  ReferenceError: contextMenu is not defined
    at BrowserWindow.mainWindow.on (G:\Programming\Desktop Applications\TODO List Application\todo-list-app\src\main\electron.js:99:9)
    at emitOne (events.js:120:20)
    at BrowserWindow.emit (events.js:210:7)
    at click (G:\Programming\Desktop Applications\TODO List Application\todo-list-app\src\main\electron.js:84:32)
    at MenuItem.click (G:\Programming\Desktop Applications\TODO List Application\todo-list-app\node_modules\electron\dist\resources\electron.asar\browser\api\menu-item.js:52:9)
    at Function.executeCommand (G:\Programming\Desktop Applications\TODO List Application\todo-list-app\node_modules\electron\dist\resources\electron.asar\browser\api\menu.js:34:15)

error [Thu Apr 26 2018 11:15:57 GMT+0100 (GMT Summer Time)]  ReferenceError: contextMenu is not defined
    at BrowserWindow.mainWindow.on (G:\Programming\Desktop Applications\TODO List Application\todo-list-app\src\main\electron.js:99:21)
    at emitOne (events.js:120:20)
    at BrowserWindow.emit (events.js:210:7)
    at click (G:\Programming\Desktop Applications\TODO List Application\todo-list-app\src\main\electron.js:84:32)
    at MenuItem.click (G:\Programming\Desktop Applications\TODO List Application\todo-list-app\node_modules\electron\dist\resources\electron.asar\browser\api\menu-item.js:52:9)
    at Function.executeCommand (G:\Programming\Desktop Applications\TODO List Application\todo-list-app\node_modules\electron\dist\resources\electron.asar\browser\api\menu.js:34:15)

error [Thu Apr 26 2018 11:16:21 GMT+0100 (GMT Summer Time)]  ReferenceError: contextMenu is not defined
    at BrowserWindow.mainWindow.on (G:\Programming\Desktop Applications\TODO List Application\todo-list-app\src\main\electron.js:99:21)
    at emitOne (events.js:120:20)
    at BrowserWindow.emit (events.js:210:7)
    at click (G:\Programming\Desktop Applications\TODO List Application\todo-list-app\src\main\electron.js:84:32)
    at MenuItem.click (G:\Programming\Desktop Applications\TODO List Application\todo-list-app\node_modules\electron\dist\resources\electron.asar\browser\api\menu-item.js:52:9)
    at Function.executeCommand (G:\Programming\Desktop Applications\TODO List Application\todo-list-app\node_modules\electron\dist\resources\electron.asar\browser\api\menu.js:34:15)

error [Thu Apr 26 2018 11:19:52 GMT+0100 (GMT Summer Time)]  ReferenceError: contextMenu is not defined
    at BrowserWindow.mainWindow.on (G:\Programming\Desktop Applications\TODO List Application\todo-list-app\src\main\electron.js:99:38)
    at emitOne (events.js:120:20)
    at BrowserWindow.emit (events.js:210:7)
    at click (G:\Programming\Desktop Applications\TODO List Application\todo-list-app\src\main\electron.js:84:32)
    at MenuItem.click (G:\Programming\Desktop Applications\TODO List Application\todo-list-app\node_modules\electron\dist\resources\electron.asar\browser\api\menu-item.js:52:9)
    at Function.executeCommand (G:\Programming\Desktop Applications\TODO List Application\todo-list-app\node_modules\electron\dist\resources\electron.asar\browser\api\menu.js:34:15)

error [Thu Apr 26 2018 11:19:57 GMT+0100 (GMT Summer Time)]  ReferenceError: contextMenu is not defined
    at BrowserWindow.mainWindow.on (G:\Programming\Desktop Applications\TODO List Application\todo-list-app\src\main\electron.js:99:38)
    at emitOne (events.js:120:20)
    at BrowserWindow.emit (events.js:210:7)
    at click (G:\Programming\Desktop Applications\TODO List Application\todo-list-app\src\main\electron.js:84:32)
    at MenuItem.click (G:\Programming\Desktop Applications\TODO List Application\todo-list-app\node_modules\electron\dist\resources\electron.asar\browser\api\menu-item.js:52:9)
    at Function.executeCommand (G:\Programming\Desktop Applications\TODO List Application\todo-list-app\node_modules\electron\dist\resources\electron.asar\browser\api\menu.js:34:15)

error [Thu Apr 26 2018 11:20:32 GMT+0100 (GMT Summer Time)]  ReferenceError: contextMenu is not defined
    at BrowserWindow.mainWindow.on (G:\Programming\Desktop Applications\TODO List Application\todo-list-app\src\main\electron.js:99:38)
    at emitOne (events.js:120:20)
    at BrowserWindow.emit (events.js:210:7)
    at click (G:\Programming\Desktop Applications\TODO List Application\todo-list-app\src\main\electron.js:84:32)
    at MenuItem.click (G:\Programming\Desktop Applications\TODO List Application\todo-list-app\node_modules\electron\dist\resources\electron.asar\browser\api\menu-item.js:52:9)
    at Function.executeCommand (G:\Programming\Desktop Applications\TODO List Application\todo-list-app\node_modules\electron\dist\resources\electron.asar\browser\api\menu.js:34:15)

error [Thu Apr 26 2018 11:21:01 GMT+0100 (GMT Summer Time)]  ReferenceError: contextMenu is not defined
    at BrowserWindow.mainWindow.on (G:\Programming\Desktop Applications\TODO List Application\todo-list-app\src\main\electron.js:99:38)
    at emitOne (events.js:120:20)
    at BrowserWindow.emit (events.js:210:7)
    at click (G:\Programming\Desktop Applications\TODO List Application\todo-list-app\src\main\electron.js:84:32)
    at MenuItem.click (G:\Programming\Desktop Applications\TODO List Application\todo-list-app\node_modules\electron\dist\resources\electron.asar\browser\api\menu-item.js:52:9)
    at Function.executeCommand (G:\Programming\Desktop Applications\TODO List Application\todo-list-app\node_modules\electron\dist\resources\electron.asar\browser\api\menu.js:34:15)

error [Thu Apr 26 2018 11:22:10 GMT+0100 (GMT Summer Time)]  ReferenceError: contextMenu is not defined
    at BrowserWindow.mainWindow.on (G:\Programming\Desktop Applications\TODO List Application\todo-list-app\src\main\electron.js:99:38)
    at emitOne (events.js:120:20)
    at BrowserWindow.emit (events.js:210:7)
    at click (G:\Programming\Desktop Applications\TODO List Application\todo-list-app\src\main\electron.js:84:32)
    at MenuItem.click (G:\Programming\Desktop Applications\TODO List Application\todo-list-app\node_modules\electron\dist\resources\electron.asar\browser\api\menu-item.js:52:9)
    at Function.executeCommand (G:\Programming\Desktop Applications\TODO List Application\todo-list-app\node_modules\electron\dist\resources\electron.asar\browser\api\menu.js:34:15)

error [Thu Apr 26 2018 11:22:47 GMT+0100 (GMT Summer Time)]  ReferenceError: contextMenu is not defined
    at BrowserWindow.mainWindow.on (G:\Programming\Desktop Applications\TODO List Application\todo-list-app\src\main\electron.js:99:38)
    at emitOne (events.js:120:20)
    at BrowserWindow.emit (events.js:210:7)
    at click (G:\Programming\Desktop Applications\TODO List Application\todo-list-app\src\main\electron.js:84:32)
    at MenuItem.click (G:\Programming\Desktop Applications\TODO List Application\todo-list-app\node_modules\electron\dist\resources\electron.asar\browser\api\menu-item.js:52:9)
    at Function.executeCommand (G:\Programming\Desktop Applications\TODO List Application\todo-list-app\node_modules\electron\dist\resources\electron.asar\browser\api\menu.js:34:15)

error [Thu Apr 26 2018 11:23:25 GMT+0100 (GMT Summer Time)]  ReferenceError: contextMenu is not defined
    at BrowserWindow.mainWindow.on (G:\Programming\Desktop Applications\TODO List Application\todo-list-app\src\main\electron.js:99:38)
    at emitOne (events.js:120:20)
    at BrowserWindow.emit (events.js:210:7)
    at click (G:\Programming\Desktop Applications\TODO List Application\todo-list-app\src\main\electron.js:84:32)
    at MenuItem.click (G:\Programming\Desktop Applications\TODO List Application\todo-list-app\node_modules\electron\dist\resources\electron.asar\browser\api\menu-item.js:52:9)
    at Function.executeCommand (G:\Programming\Desktop Applications\TODO List Application\todo-list-app\node_modules\electron\dist\resources\electron.asar\browser\api\menu.js:34:15)

error [Thu Apr 26 2018 11:24:04 GMT+0100 (GMT Summer Time)]  ReferenceError: contextMenu is not defined
    at BrowserWindow.mainWindow.on (G:\Programming\Desktop Applications\TODO List Application\todo-list-app\src\main\electron.js:99:38)
    at emitOne (events.js:120:20)
    at BrowserWindow.emit (events.js:210:7)
    at click (G:\Programming\Desktop Applications\TODO List Application\todo-list-app\src\main\electron.js:84:32)
    at MenuItem.click (G:\Programming\Desktop Applications\TODO List Application\todo-list-app\node_modules\electron\dist\resources\electron.asar\browser\api\menu-item.js:52:9)
    at Function.executeCommand (G:\Programming\Desktop Applications\TODO List Application\todo-list-app\node_modules\electron\dist\resources\electron.asar\browser\api\menu.js:34:15)

error [Thu Apr 26 2018 11:24:47 GMT+0100 (GMT Summer Time)]  ReferenceError: contextMenu is not defined
    at BrowserWindow.mainWindow.on (G:\Programming\Desktop Applications\TODO List Application\todo-list-app\src\main\electron.js:99:38)
    at emitOne (events.js:120:20)
    at BrowserWindow.emit (events.js:210:7)
    at click (G:\Programming\Desktop Applications\TODO List Application\todo-list-app\src\main\electron.js:84:32)
    at MenuItem.click (G:\Programming\Desktop Applications\TODO List Application\todo-list-app\node_modules\electron\dist\resources\electron.asar\browser\api\menu-item.js:52:9)
    at Function.executeCommand (G:\Programming\Desktop Applications\TODO List Application\todo-list-app\node_modules\electron\dist\resources\electron.asar\browser\api\menu.js:34:15)
